actionid: docs
msg: envreport
cmdargs: ['/Users/shakamunyi/Development/facebook/apache-beam/sdks/python/.tox/docs/bin/pip', 'freeze']
env: {'GOPATH': '/Users/shakamunyi/.go', 'rvm_version': '1.27.0 (latest)', 'NODE_REPL_MODE': 'sloppy', 'rvm_path': '/Users/shakamunyi/.rvm', 'TERM_PROGRAM_VERSION': '361.1', 'RUBY_VERSION': 'ruby-2.3.0', 'LOGNAME': 'shakamunyi', 'USER': 'shakamunyi', 'HOME': '/Users/shakamunyi', 'PATH': '/Users/shakamunyi/Development/facebook/apache-beam/sdks/python/.tox/docs/bin:/Users/shakamunyi/anaconda2/bin:/Users/shakamunyi/Development/google/google-cloud-sdk/bin:/Users/shakamunyi/anaconda2/bin:/usr/local/share/npm/bin:/Users/shakamunyi/.rvm/gems/ruby-2.3.0/bin:/Users/shakamunyi/.rvm/gems/ruby-2.3.0@global/bin:/Users/shakamunyi/.rvm/rubies/ruby-2.3.0/bin:/usr/local/bin:/usr/bin:/bin:/usr/sbin:/sbin:/opt/X11/bin:/Users/shakamunyi/.rvm/bin:/Users/shakamunyi/.go/bin', 'HISTSIZE': '32768', 'DISPLAY': '/private/tmp/com.apple.launchd.Tjch0Z7CHL/org.macosforge.xquartz:0', 'TERM_PROGRAM': 'Apple_Terminal', 'LANG': 'en_US.UTF-8', 'HISTCONTROL': 'ignoreboth', 'TERM': 'xterm-256color', 'SHELL': '/bin/bash', 'NODE_REPL_HISTORY': '/Users/shakamunyi/.node_history', 'SHLVL': '1', 'LESS_TERMCAP_md': '\x1b[38;5;136m', 'PWD': '/Users/shakamunyi/Development/facebook/apache-beam', 'XPC_FLAGS': '0x0', 'PYTHONIOENCODING': 'UTF-8', 'VIRTUAL_ENV': '/Users/shakamunyi/Development/facebook/apache-beam/sdks/python/.tox/docs', 'PYTHONHASHSEED': '871173734', 'EDITOR': 'vim', '_system_arch': 'x86_64', 'HISTFILESIZE': '32768', 'PYTHONUSERBASE': '/Users/shakamunyi/Development/facebook/apache-beam/sdks/python/target/python', 'rvm_bin_path': '/Users/shakamunyi/.rvm/bin', 'TERM_SESSION_ID': '091832A2-0F5E-463D-BCD0-60E9F5A8E102', 'XPC_SERVICE_NAME': '0', 'rvm_prefix': '/Users/shakamunyi', 'SSH_AUTH_SOCK': '/private/tmp/com.apple.launchd.UVBBVaEFOI/Listeners', 'IRBRC': '/Users/shakamunyi/.rvm/rubies/ruby-2.3.0/.irbrc', 'NODE_REPL_HISTORY_SIZE': '32768', 'MY_RUBY_HOME': '/Users/shakamunyi/.rvm/rubies/ruby-2.3.0', 'Apple_PubSub_Socket_Render': '/private/tmp/com.apple.launchd.Hl0F5EUQIJ/Render', 'MANPAGER': 'less -X', 'LC_ALL': 'en_US.UTF-8', '_system_type': 'Darwin', 'TMPDIR': '/var/folders/wj/259gz6l965b0dscsvnlwf7g00000gn/T/', 'JAVA_HOME': '/Library/Java/JavaVirtualMachines/jdk1.8.0_112.jdk/Contents/Home', 'MAVEN_CMD_LINE_ARGS': ' clean install', 'MAVEN_PROJECTBASEDIR': '/Users/shakamunyi/Development/facebook/apache-beam', 'OLDPWD': '/Users/shakamunyi/Development/facebook/apache-beam', 'GEM_PATH': '/Users/shakamunyi/.rvm/gems/ruby-2.3.0:/Users/shakamunyi/.rvm/gems/ruby-2.3.0@global', '__CF_USER_TEXT_ENCODING': '0x1F5:0x0:0x0', '_system_name': 'OSX', '_system_version': '10.11', 'LS_COLORS': 'no=00:fi=00:di=01;34:ln=01;36:pi=40;33:so=01;35:do=01;35:bd=40;33;01:cd=40;33;01:or=40;31;01:ex=01;32:*.tar=01;31:*.tgz=01;31:*.arj=01;31:*.taz=01;31:*.lzh=01;31:*.zip=01;31:*.z=01;31:*.Z=01;31:*.gz=01;31:*.bz2=01;31:*.deb=01;31:*.rpm=01;31:*.jar=01;31:*.jpg=01;35:*.jpeg=01;35:*.gif=01;35:*.bmp=01;35:*.pbm=01;35:*.pgm=01;35:*.ppm=01;35:*.tga=01;35:*.xbm=01;35:*.xpm=01;35:*.tif=01;35:*.tiff=01;35:*.png=01;35:*.mov=01;35:*.mpg=01;35:*.mpeg=01;35:*.avi=01;35:*.fli=01;35:*.gl=01;35:*.dl=01;35:*.xcf=01;35:*.xwd=01;35:*.ogg=01;35:*.mp3=01;35:*.wav=01;35:', 'JAVA_MAIN_CLASS_64727': 'org.codehaus.plexus.classworlds.launcher.Launcher', 'GEM_HOME': '/Users/shakamunyi/.rvm/gems/ruby-2.3.0'}

alabaster==0.7.10
apache-beam==0.6.0.dev0
appdirs==1.4.2
avro==1.8.1
Babel==2.3.4
crcmod==1.7
dill==0.2.6
docutils==0.13.1
funcsigs==1.0.2
google-apitools==0.5.7
googleapis-common-protos==1.5.2
googledatastore==7.0.0
httplib2==0.9.2
imagesize==0.7.1
Jinja2==2.9.5
MarkupSafe==0.23
mock==2.0.0
nose==1.3.7
oauth2client==3.0.0
packaging==16.8
pbr==2.0.0
proto-google-cloud-datastore-v1==0.90.0
protobuf==3.2.0
pyasn1==0.2.3
pyasn1-modules==0.0.8
Pygments==2.2.0
PyHamcrest==1.9.0
pyparsing==2.1.10
pytz==2016.10
PyYAML==3.12
requests==2.13.0
rsa==3.4.2
six==1.10.0
snowballstemmer==1.2.1
Sphinx==1.5.3
