actionid: docs
msg: installpkg
cmdargs: ['/Users/shakamunyi/Development/facebook/apache-beam/sdks/python/.tox/docs/bin/pip', 'install', '/Users/shakamunyi/Development/facebook/apache-beam/sdks/python/.tox/dist/apache-beam-0.6.0.dev0.zip']
env: {'GOPATH': '/Users/shakamunyi/.go', 'rvm_version': '1.27.0 (latest)', 'NODE_REPL_MODE': 'sloppy', 'rvm_path': '/Users/shakamunyi/.rvm', 'TERM_PROGRAM_VERSION': '361.1', 'RUBY_VERSION': 'ruby-2.3.0', 'LOGNAME': 'shakamunyi', 'USER': 'shakamunyi', 'HOME': '/Users/shakamunyi', 'PATH': '/Users/shakamunyi/Development/facebook/apache-beam/sdks/python/.tox/docs/bin:/Users/shakamunyi/Development/google/google-cloud-sdk/bin:/Users/shakamunyi/anaconda2/bin:/usr/local/share/npm/bin:/Users/shakamunyi/.rvm/gems/ruby-2.3.0/bin:/Users/shakamunyi/.rvm/gems/ruby-2.3.0@global/bin:/Users/shakamunyi/.rvm/rubies/ruby-2.3.0/bin:/usr/local/bin:/usr/bin:/bin:/usr/sbin:/sbin:/opt/X11/bin:/Users/shakamunyi/.rvm/bin:/Users/shakamunyi/.go/bin', 'HISTSIZE': '32768', 'DISPLAY': '/private/tmp/com.apple.launchd.Tjch0Z7CHL/org.macosforge.xquartz:0', 'TERM_PROGRAM': 'Apple_Terminal', 'LANG': 'en_US.UTF-8', '__CF_USER_TEXT_ENCODING': '0x1F5:0x0:0x0', 'TERM': 'xterm-256color', 'SHELL': '/bin/bash', 'NODE_REPL_HISTORY': '/Users/shakamunyi/.node_history', 'SHLVL': '1', 'LESS_TERMCAP_md': '\x1b[38;5;136m', 'PWD': '/Users/shakamunyi/Development/facebook/apache-beam', 'XPC_FLAGS': '0x0', 'PYTHONIOENCODING': 'UTF-8', 'VIRTUAL_ENV': '/Users/shakamunyi/Development/facebook/apache-beam/sdks/python/.tox/docs', 'PYTHONHASHSEED': '254343853', 'EDITOR': 'vim', '_system_arch': 'x86_64', 'HISTFILESIZE': '32768', 'PYTHONUSERBASE': '/Users/shakamunyi/Development/facebook/apache-beam/sdks/python/target/python', 'rvm_bin_path': '/Users/shakamunyi/.rvm/bin', 'TERM_SESSION_ID': '4DB1EF62-E6F1-48E6-A887-E2B8BA37CD01', 'XPC_SERVICE_NAME': '0', 'rvm_prefix': '/Users/shakamunyi', 'SSH_AUTH_SOCK': '/private/tmp/com.apple.launchd.UVBBVaEFOI/Listeners', 'IRBRC': '/Users/shakamunyi/.rvm/rubies/ruby-2.3.0/.irbrc', 'NODE_REPL_HISTORY_SIZE': '32768', 'MY_RUBY_HOME': '/Users/shakamunyi/.rvm/rubies/ruby-2.3.0', 'Apple_PubSub_Socket_Render': '/private/tmp/com.apple.launchd.Hl0F5EUQIJ/Render', 'MANPAGER': 'less -X', 'LC_ALL': 'en_US.UTF-8', '_system_type': 'Darwin', 'JAVA_MAIN_CLASS_49833': 'org.codehaus.plexus.classworlds.launcher.Launcher', 'TMPDIR': '/var/folders/wj/259gz6l965b0dscsvnlwf7g00000gn/T/', 'JAVA_HOME': '/Library/Java/JavaVirtualMachines/jdk1.8.0_112.jdk/Contents/Home', 'MAVEN_CMD_LINE_ARGS': ' clean install', 'MAVEN_PROJECTBASEDIR': '/Users/shakamunyi/Development/facebook/apache-beam', 'OLDPWD': '/Users/shakamunyi/Development/facebook/apache-beam', 'GEM_PATH': '/Users/shakamunyi/.rvm/gems/ruby-2.3.0:/Users/shakamunyi/.rvm/gems/ruby-2.3.0@global', 'HISTCONTROL': 'ignoreboth', '_system_name': 'OSX', '_system_version': '10.11', 'LS_COLORS': 'no=00:fi=00:di=01;34:ln=01;36:pi=40;33:so=01;35:do=01;35:bd=40;33;01:cd=40;33;01:or=40;31;01:ex=01;32:*.tar=01;31:*.tgz=01;31:*.arj=01;31:*.taz=01;31:*.lzh=01;31:*.zip=01;31:*.z=01;31:*.Z=01;31:*.gz=01;31:*.bz2=01;31:*.deb=01;31:*.rpm=01;31:*.jar=01;31:*.jpg=01;35:*.jpeg=01;35:*.gif=01;35:*.bmp=01;35:*.pbm=01;35:*.pgm=01;35:*.ppm=01;35:*.tga=01;35:*.xbm=01;35:*.xpm=01;35:*.tif=01;35:*.tiff=01;35:*.png=01;35:*.mov=01;35:*.mpg=01;35:*.mpeg=01;35:*.avi=01;35:*.fli=01;35:*.gl=01;35:*.dl=01;35:*.xcf=01;35:*.xwd=01;35:*.ogg=01;35:*.mp3=01;35:*.wav=01;35:', 'GEM_HOME': '/Users/shakamunyi/.rvm/gems/ruby-2.3.0'}

Processing ./.tox/dist/apache-beam-0.6.0.dev0.zip
Collecting avro<2.0.0,>=1.7.7 (from apache-beam==0.6.0.dev0)
  Downloading avro-1.8.1.tar.gz (44kB)
Collecting crcmod<2.0,>=1.7 (from apache-beam==0.6.0.dev0)
  Downloading crcmod-1.7.tar.gz (89kB)
Collecting dill<0.3,>=0.2.5 (from apache-beam==0.6.0.dev0)
  Downloading dill-0.2.6.zip (83kB)
Collecting httplib2<0.10,>=0.8 (from apache-beam==0.6.0.dev0)
  Downloading httplib2-0.9.2.zip (210kB)
Collecting mock<3.0.0,>=1.0.1 (from apache-beam==0.6.0.dev0)
  Using cached mock-2.0.0-py2.py3-none-any.whl
Collecting oauth2client<4.0.0,>=2.0.1 (from apache-beam==0.6.0.dev0)
  Downloading oauth2client-3.0.0.tar.gz (77kB)
Collecting protobuf==3.2.0 (from apache-beam==0.6.0.dev0)
  Downloading protobuf-3.2.0-py2.py3-none-any.whl (360kB)
Collecting pyyaml<4.0.0,>=3.10 (from apache-beam==0.6.0.dev0)
  Downloading PyYAML-3.12.tar.gz (253kB)
Collecting funcsigs>=1; python_version < "3.3" (from mock<3.0.0,>=1.0.1->apache-beam==0.6.0.dev0)
  Using cached funcsigs-1.0.2-py2.py3-none-any.whl
Collecting pbr>=0.11 (from mock<3.0.0,>=1.0.1->apache-beam==0.6.0.dev0)
  Downloading pbr-2.0.0-py2.py3-none-any.whl (98kB)
Requirement already satisfied: six>=1.9 in ./.tox/docs/lib/python2.7/site-packages (from mock<3.0.0,>=1.0.1->apache-beam==0.6.0.dev0)
Collecting pyasn1>=0.1.7 (from oauth2client<4.0.0,>=2.0.1->apache-beam==0.6.0.dev0)
  Downloading pyasn1-0.2.3-py2.py3-none-any.whl (53kB)
Collecting pyasn1-modules>=0.0.5 (from oauth2client<4.0.0,>=2.0.1->apache-beam==0.6.0.dev0)
  Downloading pyasn1_modules-0.0.8-py2.py3-none-any.whl
Collecting rsa>=3.1.4 (from oauth2client<4.0.0,>=2.0.1->apache-beam==0.6.0.dev0)
  Downloading rsa-3.4.2-py2.py3-none-any.whl (46kB)
Requirement already satisfied: setuptools in ./.tox/docs/lib/python2.7/site-packages (from protobuf==3.2.0->apache-beam==0.6.0.dev0)
Requirement already satisfied: packaging>=16.8 in ./.tox/docs/lib/python2.7/site-packages (from setuptools->protobuf==3.2.0->apache-beam==0.6.0.dev0)
Requirement already satisfied: appdirs>=1.4.0 in ./.tox/docs/lib/python2.7/site-packages (from setuptools->protobuf==3.2.0->apache-beam==0.6.0.dev0)
Requirement already satisfied: pyparsing in ./.tox/docs/lib/python2.7/site-packages (from packaging>=16.8->setuptools->protobuf==3.2.0->apache-beam==0.6.0.dev0)
Building wheels for collected packages: apache-beam, avro, crcmod, dill, httplib2, oauth2client, pyyaml
  Running setup.py bdist_wheel for apache-beam: started
  Running setup.py bdist_wheel for apache-beam: finished with status 'done'
  Stored in directory: /Users/shakamunyi/Library/Caches/pip/wheels/9c/dc/b3/985d1d5309a44a8871efc544e266234a9b88efe005515ec4fe
  Running setup.py bdist_wheel for avro: started
  Running setup.py bdist_wheel for avro: finished with status 'done'
  Stored in directory: /Users/shakamunyi/Library/Caches/pip/wheels/48/ab/c0/24e702060d5a877cb970047248c9ea5d531067915324128b58
  Running setup.py bdist_wheel for crcmod: started
  Running setup.py bdist_wheel for crcmod: finished with status 'done'
  Stored in directory: /Users/shakamunyi/Library/Caches/pip/wheels/89/cc/70/785e04e1eb487cae8d5af70bf66dd89a79a635e5d03f75c5a4
  Running setup.py bdist_wheel for dill: started
  Running setup.py bdist_wheel for dill: finished with status 'done'
  Stored in directory: /Users/shakamunyi/Library/Caches/pip/wheels/8a/97/20/c0b851f365d12d9fb3ccf92e47b8df5b1bea5e5d2b92b962dc
  Running setup.py bdist_wheel for httplib2: started
  Running setup.py bdist_wheel for httplib2: finished with status 'done'
  Stored in directory: /Users/shakamunyi/Library/Caches/pip/wheels/c7/67/60/e0be8ccfc1e08f8ff1f50d99ea5378e204580ea77b0169fb55
  Running setup.py bdist_wheel for oauth2client: started
  Running setup.py bdist_wheel for oauth2client: finished with status 'done'
  Stored in directory: /Users/shakamunyi/Library/Caches/pip/wheels/b3/44/e9/e56c5a2ca8869305f38254df012fb16b2807eb9d5d55291e8b
  Running setup.py bdist_wheel for pyyaml: started
  Running setup.py bdist_wheel for pyyaml: finished with status 'done'
  Stored in directory: /Users/shakamunyi/Library/Caches/pip/wheels/2c/f7/79/13f3a12cd723892437c0cfbde1230ab4d82947ff7b3839a4fc
Successfully built apache-beam avro crcmod dill httplib2 oauth2client pyyaml
Installing collected packages: avro, crcmod, dill, httplib2, funcsigs, pbr, mock, pyasn1, pyasn1-modules, rsa, oauth2client, protobuf, pyyaml, apache-beam
Successfully installed apache-beam-0.6.0.dev0 avro-1.8.1 crcmod-1.7 dill-0.2.6 funcsigs-1.0.2 httplib2-0.9.2 mock-2.0.0 oauth2client-3.0.0 pbr-2.0.0 protobuf-3.2.0 pyasn1-0.2.3 pyasn1-modules-0.0.8 pyyaml-3.12 rsa-3.4.2
