actionid: tox
msg: packaging
cmdargs: ['/usr/local/opt/python/bin/python2.7', local('/Users/shakamunyi/Development/facebook/apache-beam/sdks/python/setup.py'), 'sdist', '--formats=zip', '--dist-dir', local('/Users/shakamunyi/Development/facebook/apache-beam/sdks/python/.tox/dist')]
env: None

/usr/local/lib/python2.7/site-packages/setuptools/dist.py:332: UserWarning: Normalizing '0.6.0.dev' to '0.6.0.dev0'
  normalized_version,
running sdist
running egg_info
creating apache_beam.egg-info
writing requirements to apache_beam.egg-info/requires.txt
writing apache_beam.egg-info/PKG-INFO
writing top-level names to apache_beam.egg-info/top_level.txt
writing dependency_links to apache_beam.egg-info/dependency_links.txt
writing entry points to apache_beam.egg-info/entry_points.txt
writing manifest file 'apache_beam.egg-info/SOURCES.txt'
reading manifest file 'apache_beam.egg-info/SOURCES.txt'
reading manifest template 'MANIFEST.in'
writing manifest file 'apache_beam.egg-info/SOURCES.txt'
warning: sdist: standard file not found: should have one of README, README.rst, README.txt

running check
creating apache-beam-0.6.0.dev0
creating apache-beam-0.6.0.dev0/apache_beam
creating apache-beam-0.6.0.dev0/apache_beam.egg-info
creating apache-beam-0.6.0.dev0/apache_beam/coders
creating apache-beam-0.6.0.dev0/apache_beam/examples
creating apache-beam-0.6.0.dev0/apache_beam/examples/complete
creating apache-beam-0.6.0.dev0/apache_beam/examples/complete/juliaset
creating apache-beam-0.6.0.dev0/apache_beam/examples/complete/juliaset/juliaset
creating apache-beam-0.6.0.dev0/apache_beam/examples/cookbook
creating apache-beam-0.6.0.dev0/apache_beam/examples/snippets
creating apache-beam-0.6.0.dev0/apache_beam/internal
creating apache-beam-0.6.0.dev0/apache_beam/internal/gcp
creating apache-beam-0.6.0.dev0/apache_beam/io
creating apache-beam-0.6.0.dev0/apache_beam/io/gcp
creating apache-beam-0.6.0.dev0/apache_beam/io/gcp/datastore
creating apache-beam-0.6.0.dev0/apache_beam/io/gcp/datastore/v1
creating apache-beam-0.6.0.dev0/apache_beam/io/gcp/internal
creating apache-beam-0.6.0.dev0/apache_beam/io/gcp/internal/clients
creating apache-beam-0.6.0.dev0/apache_beam/io/gcp/internal/clients/bigquery
creating apache-beam-0.6.0.dev0/apache_beam/io/gcp/internal/clients/storage
creating apache-beam-0.6.0.dev0/apache_beam/io/gcp/tests
creating apache-beam-0.6.0.dev0/apache_beam/metrics
creating apache-beam-0.6.0.dev0/apache_beam/runners
creating apache-beam-0.6.0.dev0/apache_beam/runners/dataflow
creating apache-beam-0.6.0.dev0/apache_beam/runners/dataflow/internal
creating apache-beam-0.6.0.dev0/apache_beam/runners/dataflow/internal/clients
creating apache-beam-0.6.0.dev0/apache_beam/runners/dataflow/internal/clients/dataflow
creating apache-beam-0.6.0.dev0/apache_beam/runners/dataflow/native_io
creating apache-beam-0.6.0.dev0/apache_beam/runners/direct
creating apache-beam-0.6.0.dev0/apache_beam/runners/test
creating apache-beam-0.6.0.dev0/apache_beam/tests
creating apache-beam-0.6.0.dev0/apache_beam/tests/data
creating apache-beam-0.6.0.dev0/apache_beam/transforms
creating apache-beam-0.6.0.dev0/apache_beam/typehints
creating apache-beam-0.6.0.dev0/apache_beam/utils
copying files to apache-beam-0.6.0.dev0...
copying MANIFEST.in -> apache-beam-0.6.0.dev0
copying pom.xml -> apache-beam-0.6.0.dev0
copying setup.cfg -> apache-beam-0.6.0.dev0
copying setup.py -> apache-beam-0.6.0.dev0
copying apache_beam/__init__.py -> apache-beam-0.6.0.dev0/apache_beam
copying apache_beam/error.py -> apache-beam-0.6.0.dev0/apache_beam
copying apache_beam/pipeline.py -> apache-beam-0.6.0.dev0/apache_beam
copying apache_beam/pipeline_test.py -> apache-beam-0.6.0.dev0/apache_beam
copying apache_beam/pvalue.py -> apache-beam-0.6.0.dev0/apache_beam
copying apache_beam/pvalue_test.py -> apache-beam-0.6.0.dev0/apache_beam
copying apache_beam/test_pipeline.py -> apache-beam-0.6.0.dev0/apache_beam
copying apache_beam/test_pipeline_test.py -> apache-beam-0.6.0.dev0/apache_beam
copying apache_beam/version.py -> apache-beam-0.6.0.dev0/apache_beam
copying apache_beam.egg-info/PKG-INFO -> apache-beam-0.6.0.dev0/apache_beam.egg-info
copying apache_beam.egg-info/SOURCES.txt -> apache-beam-0.6.0.dev0/apache_beam.egg-info
copying apache_beam.egg-info/dependency_links.txt -> apache-beam-0.6.0.dev0/apache_beam.egg-info
copying apache_beam.egg-info/entry_points.txt -> apache-beam-0.6.0.dev0/apache_beam.egg-info
copying apache_beam.egg-info/not-zip-safe -> apache-beam-0.6.0.dev0/apache_beam.egg-info
copying apache_beam.egg-info/requires.txt -> apache-beam-0.6.0.dev0/apache_beam.egg-info
copying apache_beam.egg-info/top_level.txt -> apache-beam-0.6.0.dev0/apache_beam.egg-info
copying apache_beam/coders/__init__.py -> apache-beam-0.6.0.dev0/apache_beam/coders
copying apache_beam/coders/coder_impl.pxd -> apache-beam-0.6.0.dev0/apache_beam/coders
copying apache_beam/coders/coder_impl.py -> apache-beam-0.6.0.dev0/apache_beam/coders
copying apache_beam/coders/coders.py -> apache-beam-0.6.0.dev0/apache_beam/coders
copying apache_beam/coders/coders_test.py -> apache-beam-0.6.0.dev0/apache_beam/coders
copying apache_beam/coders/coders_test_common.py -> apache-beam-0.6.0.dev0/apache_beam/coders
copying apache_beam/coders/fast_coders_test.py -> apache-beam-0.6.0.dev0/apache_beam/coders
copying apache_beam/coders/observable.py -> apache-beam-0.6.0.dev0/apache_beam/coders
copying apache_beam/coders/observable_test.py -> apache-beam-0.6.0.dev0/apache_beam/coders
copying apache_beam/coders/proto2_coder_test_messages_pb2.py -> apache-beam-0.6.0.dev0/apache_beam/coders
copying apache_beam/coders/slow_coders_test.py -> apache-beam-0.6.0.dev0/apache_beam/coders
copying apache_beam/coders/slow_stream.py -> apache-beam-0.6.0.dev0/apache_beam/coders
copying apache_beam/coders/standard_coders_test.py -> apache-beam-0.6.0.dev0/apache_beam/coders
copying apache_beam/coders/stream.pxd -> apache-beam-0.6.0.dev0/apache_beam/coders
copying apache_beam/coders/stream.pyx -> apache-beam-0.6.0.dev0/apache_beam/coders
copying apache_beam/coders/stream_test.py -> apache-beam-0.6.0.dev0/apache_beam/coders
copying apache_beam/coders/typecoders.py -> apache-beam-0.6.0.dev0/apache_beam/coders
copying apache_beam/coders/typecoders_test.py -> apache-beam-0.6.0.dev0/apache_beam/coders
copying apache_beam/examples/__init__.py -> apache-beam-0.6.0.dev0/apache_beam/examples
copying apache_beam/examples/streaming_wordcap.py -> apache-beam-0.6.0.dev0/apache_beam/examples
copying apache_beam/examples/streaming_wordcount.py -> apache-beam-0.6.0.dev0/apache_beam/examples
copying apache_beam/examples/wordcount.py -> apache-beam-0.6.0.dev0/apache_beam/examples
copying apache_beam/examples/wordcount_debugging.py -> apache-beam-0.6.0.dev0/apache_beam/examples
copying apache_beam/examples/wordcount_debugging_test.py -> apache-beam-0.6.0.dev0/apache_beam/examples
copying apache_beam/examples/wordcount_it_test.py -> apache-beam-0.6.0.dev0/apache_beam/examples
copying apache_beam/examples/wordcount_minimal.py -> apache-beam-0.6.0.dev0/apache_beam/examples
copying apache_beam/examples/wordcount_minimal_test.py -> apache-beam-0.6.0.dev0/apache_beam/examples
copying apache_beam/examples/wordcount_test.py -> apache-beam-0.6.0.dev0/apache_beam/examples
copying apache_beam/examples/complete/__init__.py -> apache-beam-0.6.0.dev0/apache_beam/examples/complete
copying apache_beam/examples/complete/autocomplete.py -> apache-beam-0.6.0.dev0/apache_beam/examples/complete
copying apache_beam/examples/complete/autocomplete_test.py -> apache-beam-0.6.0.dev0/apache_beam/examples/complete
copying apache_beam/examples/complete/estimate_pi.py -> apache-beam-0.6.0.dev0/apache_beam/examples/complete
copying apache_beam/examples/complete/estimate_pi_test.py -> apache-beam-0.6.0.dev0/apache_beam/examples/complete
copying apache_beam/examples/complete/tfidf.py -> apache-beam-0.6.0.dev0/apache_beam/examples/complete
copying apache_beam/examples/complete/tfidf_test.py -> apache-beam-0.6.0.dev0/apache_beam/examples/complete
copying apache_beam/examples/complete/top_wikipedia_sessions.py -> apache-beam-0.6.0.dev0/apache_beam/examples/complete
copying apache_beam/examples/complete/top_wikipedia_sessions_test.py -> apache-beam-0.6.0.dev0/apache_beam/examples/complete
copying apache_beam/examples/complete/juliaset/__init__.py -> apache-beam-0.6.0.dev0/apache_beam/examples/complete/juliaset
copying apache_beam/examples/complete/juliaset/juliaset_main.py -> apache-beam-0.6.0.dev0/apache_beam/examples/complete/juliaset
copying apache_beam/examples/complete/juliaset/setup.py -> apache-beam-0.6.0.dev0/apache_beam/examples/complete/juliaset
copying apache_beam/examples/complete/juliaset/juliaset/__init__.py -> apache-beam-0.6.0.dev0/apache_beam/examples/complete/juliaset/juliaset
copying apache_beam/examples/complete/juliaset/juliaset/juliaset.py -> apache-beam-0.6.0.dev0/apache_beam/examples/complete/juliaset/juliaset
copying apache_beam/examples/complete/juliaset/juliaset/juliaset_test.py -> apache-beam-0.6.0.dev0/apache_beam/examples/complete/juliaset/juliaset
copying apache_beam/examples/cookbook/__init__.py -> apache-beam-0.6.0.dev0/apache_beam/examples/cookbook
copying apache_beam/examples/cookbook/bigquery_schema.py -> apache-beam-0.6.0.dev0/apache_beam/examples/cookbook
copying apache_beam/examples/cookbook/bigquery_side_input.py -> apache-beam-0.6.0.dev0/apache_beam/examples/cookbook
copying apache_beam/examples/cookbook/bigquery_side_input_test.py -> apache-beam-0.6.0.dev0/apache_beam/examples/cookbook
copying apache_beam/examples/cookbook/bigquery_tornadoes.py -> apache-beam-0.6.0.dev0/apache_beam/examples/cookbook
copying apache_beam/examples/cookbook/bigquery_tornadoes_it_test.py -> apache-beam-0.6.0.dev0/apache_beam/examples/cookbook
copying apache_beam/examples/cookbook/bigquery_tornadoes_test.py -> apache-beam-0.6.0.dev0/apache_beam/examples/cookbook
copying apache_beam/examples/cookbook/bigshuffle.py -> apache-beam-0.6.0.dev0/apache_beam/examples/cookbook
copying apache_beam/examples/cookbook/bigshuffle_test.py -> apache-beam-0.6.0.dev0/apache_beam/examples/cookbook
copying apache_beam/examples/cookbook/coders.py -> apache-beam-0.6.0.dev0/apache_beam/examples/cookbook
copying apache_beam/examples/cookbook/coders_test.py -> apache-beam-0.6.0.dev0/apache_beam/examples/cookbook
copying apache_beam/examples/cookbook/combiners_test.py -> apache-beam-0.6.0.dev0/apache_beam/examples/cookbook
copying apache_beam/examples/cookbook/custom_ptransform.py -> apache-beam-0.6.0.dev0/apache_beam/examples/cookbook
copying apache_beam/examples/cookbook/custom_ptransform_test.py -> apache-beam-0.6.0.dev0/apache_beam/examples/cookbook
copying apache_beam/examples/cookbook/datastore_wordcount.py -> apache-beam-0.6.0.dev0/apache_beam/examples/cookbook
copying apache_beam/examples/cookbook/filters.py -> apache-beam-0.6.0.dev0/apache_beam/examples/cookbook
copying apache_beam/examples/cookbook/filters_test.py -> apache-beam-0.6.0.dev0/apache_beam/examples/cookbook
copying apache_beam/examples/cookbook/group_with_coder.py -> apache-beam-0.6.0.dev0/apache_beam/examples/cookbook
copying apache_beam/examples/cookbook/group_with_coder_test.py -> apache-beam-0.6.0.dev0/apache_beam/examples/cookbook
copying apache_beam/examples/cookbook/mergecontacts.py -> apache-beam-0.6.0.dev0/apache_beam/examples/cookbook
copying apache_beam/examples/cookbook/mergecontacts_test.py -> apache-beam-0.6.0.dev0/apache_beam/examples/cookbook
copying apache_beam/examples/cookbook/multiple_output_pardo.py -> apache-beam-0.6.0.dev0/apache_beam/examples/cookbook
copying apache_beam/examples/cookbook/multiple_output_pardo_test.py -> apache-beam-0.6.0.dev0/apache_beam/examples/cookbook
copying apache_beam/examples/snippets/__init__.py -> apache-beam-0.6.0.dev0/apache_beam/examples/snippets
copying apache_beam/examples/snippets/snippets.py -> apache-beam-0.6.0.dev0/apache_beam/examples/snippets
copying apache_beam/examples/snippets/snippets_test.py -> apache-beam-0.6.0.dev0/apache_beam/examples/snippets
copying apache_beam/internal/__init__.py -> apache-beam-0.6.0.dev0/apache_beam/internal
copying apache_beam/internal/module_test.py -> apache-beam-0.6.0.dev0/apache_beam/internal
copying apache_beam/internal/pickler.py -> apache-beam-0.6.0.dev0/apache_beam/internal
copying apache_beam/internal/pickler_test.py -> apache-beam-0.6.0.dev0/apache_beam/internal
copying apache_beam/internal/util.py -> apache-beam-0.6.0.dev0/apache_beam/internal
copying apache_beam/internal/util_test.py -> apache-beam-0.6.0.dev0/apache_beam/internal
copying apache_beam/internal/gcp/__init__.py -> apache-beam-0.6.0.dev0/apache_beam/internal/gcp
copying apache_beam/internal/gcp/auth.py -> apache-beam-0.6.0.dev0/apache_beam/internal/gcp
copying apache_beam/internal/gcp/auth_test.py -> apache-beam-0.6.0.dev0/apache_beam/internal/gcp
copying apache_beam/internal/gcp/json_value.py -> apache-beam-0.6.0.dev0/apache_beam/internal/gcp
copying apache_beam/internal/gcp/json_value_test.py -> apache-beam-0.6.0.dev0/apache_beam/internal/gcp
copying apache_beam/io/__init__.py -> apache-beam-0.6.0.dev0/apache_beam/io
copying apache_beam/io/avroio.py -> apache-beam-0.6.0.dev0/apache_beam/io
copying apache_beam/io/avroio_test.py -> apache-beam-0.6.0.dev0/apache_beam/io
copying apache_beam/io/concat_source.py -> apache-beam-0.6.0.dev0/apache_beam/io
copying apache_beam/io/concat_source_test.py -> apache-beam-0.6.0.dev0/apache_beam/io
copying apache_beam/io/filebasedsource.py -> apache-beam-0.6.0.dev0/apache_beam/io
copying apache_beam/io/filebasedsource_test.py -> apache-beam-0.6.0.dev0/apache_beam/io
copying apache_beam/io/fileio.py -> apache-beam-0.6.0.dev0/apache_beam/io
copying apache_beam/io/fileio_test.py -> apache-beam-0.6.0.dev0/apache_beam/io
copying apache_beam/io/iobase.py -> apache-beam-0.6.0.dev0/apache_beam/io
copying apache_beam/io/range_trackers.py -> apache-beam-0.6.0.dev0/apache_beam/io
copying apache_beam/io/range_trackers_test.py -> apache-beam-0.6.0.dev0/apache_beam/io
copying apache_beam/io/source_test_utils.py -> apache-beam-0.6.0.dev0/apache_beam/io
copying apache_beam/io/source_test_utils_test.py -> apache-beam-0.6.0.dev0/apache_beam/io
copying apache_beam/io/sources_test.py -> apache-beam-0.6.0.dev0/apache_beam/io
copying apache_beam/io/textio.py -> apache-beam-0.6.0.dev0/apache_beam/io
copying apache_beam/io/textio_test.py -> apache-beam-0.6.0.dev0/apache_beam/io
copying apache_beam/io/tfrecordio.py -> apache-beam-0.6.0.dev0/apache_beam/io
copying apache_beam/io/tfrecordio_test.py -> apache-beam-0.6.0.dev0/apache_beam/io
copying apache_beam/io/gcp/__init__.py -> apache-beam-0.6.0.dev0/apache_beam/io/gcp
copying apache_beam/io/gcp/bigquery.py -> apache-beam-0.6.0.dev0/apache_beam/io/gcp
copying apache_beam/io/gcp/bigquery_test.py -> apache-beam-0.6.0.dev0/apache_beam/io/gcp
copying apache_beam/io/gcp/gcsio.py -> apache-beam-0.6.0.dev0/apache_beam/io/gcp
copying apache_beam/io/gcp/gcsio_test.py -> apache-beam-0.6.0.dev0/apache_beam/io/gcp
copying apache_beam/io/gcp/pubsub.py -> apache-beam-0.6.0.dev0/apache_beam/io/gcp
copying apache_beam/io/gcp/pubsub_test.py -> apache-beam-0.6.0.dev0/apache_beam/io/gcp
copying apache_beam/io/gcp/datastore/__init__.py -> apache-beam-0.6.0.dev0/apache_beam/io/gcp/datastore
copying apache_beam/io/gcp/datastore/v1/__init__.py -> apache-beam-0.6.0.dev0/apache_beam/io/gcp/datastore/v1
copying apache_beam/io/gcp/datastore/v1/datastoreio.py -> apache-beam-0.6.0.dev0/apache_beam/io/gcp/datastore/v1
copying apache_beam/io/gcp/datastore/v1/datastoreio_test.py -> apache-beam-0.6.0.dev0/apache_beam/io/gcp/datastore/v1
copying apache_beam/io/gcp/datastore/v1/fake_datastore.py -> apache-beam-0.6.0.dev0/apache_beam/io/gcp/datastore/v1
copying apache_beam/io/gcp/datastore/v1/helper.py -> apache-beam-0.6.0.dev0/apache_beam/io/gcp/datastore/v1
copying apache_beam/io/gcp/datastore/v1/helper_test.py -> apache-beam-0.6.0.dev0/apache_beam/io/gcp/datastore/v1
copying apache_beam/io/gcp/datastore/v1/query_splitter.py -> apache-beam-0.6.0.dev0/apache_beam/io/gcp/datastore/v1
copying apache_beam/io/gcp/datastore/v1/query_splitter_test.py -> apache-beam-0.6.0.dev0/apache_beam/io/gcp/datastore/v1
copying apache_beam/io/gcp/internal/__init__.py -> apache-beam-0.6.0.dev0/apache_beam/io/gcp/internal
copying apache_beam/io/gcp/internal/clients/__init__.py -> apache-beam-0.6.0.dev0/apache_beam/io/gcp/internal/clients
copying apache_beam/io/gcp/internal/clients/bigquery/__init__.py -> apache-beam-0.6.0.dev0/apache_beam/io/gcp/internal/clients/bigquery
copying apache_beam/io/gcp/internal/clients/bigquery/bigquery_v2_client.py -> apache-beam-0.6.0.dev0/apache_beam/io/gcp/internal/clients/bigquery
copying apache_beam/io/gcp/internal/clients/bigquery/bigquery_v2_messages.py -> apache-beam-0.6.0.dev0/apache_beam/io/gcp/internal/clients/bigquery
copying apache_beam/io/gcp/internal/clients/storage/__init__.py -> apache-beam-0.6.0.dev0/apache_beam/io/gcp/internal/clients/storage
copying apache_beam/io/gcp/internal/clients/storage/storage_v1_client.py -> apache-beam-0.6.0.dev0/apache_beam/io/gcp/internal/clients/storage
copying apache_beam/io/gcp/internal/clients/storage/storage_v1_messages.py -> apache-beam-0.6.0.dev0/apache_beam/io/gcp/internal/clients/storage
copying apache_beam/io/gcp/tests/__init__.py -> apache-beam-0.6.0.dev0/apache_beam/io/gcp/tests
copying apache_beam/io/gcp/tests/bigquery_matcher.py -> apache-beam-0.6.0.dev0/apache_beam/io/gcp/tests
copying apache_beam/io/gcp/tests/bigquery_matcher_test.py -> apache-beam-0.6.0.dev0/apache_beam/io/gcp/tests
copying apache_beam/metrics/__init__.py -> apache-beam-0.6.0.dev0/apache_beam/metrics
copying apache_beam/metrics/cells.py -> apache-beam-0.6.0.dev0/apache_beam/metrics
copying apache_beam/metrics/cells_test.py -> apache-beam-0.6.0.dev0/apache_beam/metrics
copying apache_beam/metrics/execution.pxd -> apache-beam-0.6.0.dev0/apache_beam/metrics
copying apache_beam/metrics/execution.py -> apache-beam-0.6.0.dev0/apache_beam/metrics
copying apache_beam/metrics/execution_test.py -> apache-beam-0.6.0.dev0/apache_beam/metrics
copying apache_beam/metrics/metric.py -> apache-beam-0.6.0.dev0/apache_beam/metrics
copying apache_beam/metrics/metric_test.py -> apache-beam-0.6.0.dev0/apache_beam/metrics
copying apache_beam/metrics/metricbase.py -> apache-beam-0.6.0.dev0/apache_beam/metrics
copying apache_beam/runners/__init__.py -> apache-beam-0.6.0.dev0/apache_beam/runners
copying apache_beam/runners/common.pxd -> apache-beam-0.6.0.dev0/apache_beam/runners
copying apache_beam/runners/common.py -> apache-beam-0.6.0.dev0/apache_beam/runners
copying apache_beam/runners/runner.py -> apache-beam-0.6.0.dev0/apache_beam/runners
copying apache_beam/runners/runner_test.py -> apache-beam-0.6.0.dev0/apache_beam/runners
copying apache_beam/runners/dataflow/__init__.py -> apache-beam-0.6.0.dev0/apache_beam/runners/dataflow
copying apache_beam/runners/dataflow/dataflow_metrics.py -> apache-beam-0.6.0.dev0/apache_beam/runners/dataflow
copying apache_beam/runners/dataflow/dataflow_metrics_test.py -> apache-beam-0.6.0.dev0/apache_beam/runners/dataflow
copying apache_beam/runners/dataflow/dataflow_runner.py -> apache-beam-0.6.0.dev0/apache_beam/runners/dataflow
copying apache_beam/runners/dataflow/dataflow_runner_test.py -> apache-beam-0.6.0.dev0/apache_beam/runners/dataflow
copying apache_beam/runners/dataflow/template_runner_test.py -> apache-beam-0.6.0.dev0/apache_beam/runners/dataflow
copying apache_beam/runners/dataflow/test_dataflow_runner.py -> apache-beam-0.6.0.dev0/apache_beam/runners/dataflow
copying apache_beam/runners/dataflow/internal/__init__.py -> apache-beam-0.6.0.dev0/apache_beam/runners/dataflow/internal
copying apache_beam/runners/dataflow/internal/apiclient.py -> apache-beam-0.6.0.dev0/apache_beam/runners/dataflow/internal
copying apache_beam/runners/dataflow/internal/apiclient_test.py -> apache-beam-0.6.0.dev0/apache_beam/runners/dataflow/internal
copying apache_beam/runners/dataflow/internal/dependency.py -> apache-beam-0.6.0.dev0/apache_beam/runners/dataflow/internal
copying apache_beam/runners/dataflow/internal/dependency_test.py -> apache-beam-0.6.0.dev0/apache_beam/runners/dataflow/internal
copying apache_beam/runners/dataflow/internal/names.py -> apache-beam-0.6.0.dev0/apache_beam/runners/dataflow/internal
copying apache_beam/runners/dataflow/internal/clients/__init__.py -> apache-beam-0.6.0.dev0/apache_beam/runners/dataflow/internal/clients
copying apache_beam/runners/dataflow/internal/clients/dataflow/__init__.py -> apache-beam-0.6.0.dev0/apache_beam/runners/dataflow/internal/clients/dataflow
copying apache_beam/runners/dataflow/internal/clients/dataflow/dataflow_v1b3_client.py -> apache-beam-0.6.0.dev0/apache_beam/runners/dataflow/internal/clients/dataflow
copying apache_beam/runners/dataflow/internal/clients/dataflow/dataflow_v1b3_messages.py -> apache-beam-0.6.0.dev0/apache_beam/runners/dataflow/internal/clients/dataflow
copying apache_beam/runners/dataflow/internal/clients/dataflow/message_matchers.py -> apache-beam-0.6.0.dev0/apache_beam/runners/dataflow/internal/clients/dataflow
copying apache_beam/runners/dataflow/internal/clients/dataflow/message_matchers_test.py -> apache-beam-0.6.0.dev0/apache_beam/runners/dataflow/internal/clients/dataflow
copying apache_beam/runners/dataflow/native_io/__init__.py -> apache-beam-0.6.0.dev0/apache_beam/runners/dataflow/native_io
copying apache_beam/runners/dataflow/native_io/iobase.py -> apache-beam-0.6.0.dev0/apache_beam/runners/dataflow/native_io
copying apache_beam/runners/direct/__init__.py -> apache-beam-0.6.0.dev0/apache_beam/runners/direct
copying apache_beam/runners/direct/bundle_factory.py -> apache-beam-0.6.0.dev0/apache_beam/runners/direct
copying apache_beam/runners/direct/clock.py -> apache-beam-0.6.0.dev0/apache_beam/runners/direct
copying apache_beam/runners/direct/consumer_tracking_pipeline_visitor.py -> apache-beam-0.6.0.dev0/apache_beam/runners/direct
copying apache_beam/runners/direct/consumer_tracking_pipeline_visitor_test.py -> apache-beam-0.6.0.dev0/apache_beam/runners/direct
copying apache_beam/runners/direct/direct_metrics.py -> apache-beam-0.6.0.dev0/apache_beam/runners/direct
copying apache_beam/runners/direct/direct_metrics_test.py -> apache-beam-0.6.0.dev0/apache_beam/runners/direct
copying apache_beam/runners/direct/direct_runner.py -> apache-beam-0.6.0.dev0/apache_beam/runners/direct
copying apache_beam/runners/direct/evaluation_context.py -> apache-beam-0.6.0.dev0/apache_beam/runners/direct
copying apache_beam/runners/direct/executor.py -> apache-beam-0.6.0.dev0/apache_beam/runners/direct
copying apache_beam/runners/direct/helper_transforms.py -> apache-beam-0.6.0.dev0/apache_beam/runners/direct
copying apache_beam/runners/direct/transform_evaluator.py -> apache-beam-0.6.0.dev0/apache_beam/runners/direct
copying apache_beam/runners/direct/transform_result.py -> apache-beam-0.6.0.dev0/apache_beam/runners/direct
copying apache_beam/runners/direct/watermark_manager.py -> apache-beam-0.6.0.dev0/apache_beam/runners/direct
copying apache_beam/runners/test/__init__.py -> apache-beam-0.6.0.dev0/apache_beam/runners/test
copying apache_beam/tests/__init__.py -> apache-beam-0.6.0.dev0/apache_beam/tests
copying apache_beam/tests/pipeline_verifiers.py -> apache-beam-0.6.0.dev0/apache_beam/tests
copying apache_beam/tests/pipeline_verifiers_test.py -> apache-beam-0.6.0.dev0/apache_beam/tests
copying apache_beam/tests/test_utils.py -> apache-beam-0.6.0.dev0/apache_beam/tests
copying apache_beam/tests/data/README.md -> apache-beam-0.6.0.dev0/apache_beam/tests/data
copying apache_beam/tests/data/privatekey.p12 -> apache-beam-0.6.0.dev0/apache_beam/tests/data
copying apache_beam/tests/data/standard_coders.yaml -> apache-beam-0.6.0.dev0/apache_beam/tests/data
copying apache_beam/transforms/__init__.py -> apache-beam-0.6.0.dev0/apache_beam/transforms
copying apache_beam/transforms/combiners.py -> apache-beam-0.6.0.dev0/apache_beam/transforms
copying apache_beam/transforms/combiners_test.py -> apache-beam-0.6.0.dev0/apache_beam/transforms
copying apache_beam/transforms/core.py -> apache-beam-0.6.0.dev0/apache_beam/transforms
copying apache_beam/transforms/cy_combiners.pxd -> apache-beam-0.6.0.dev0/apache_beam/transforms
copying apache_beam/transforms/cy_combiners.py -> apache-beam-0.6.0.dev0/apache_beam/transforms
copying apache_beam/transforms/display.py -> apache-beam-0.6.0.dev0/apache_beam/transforms
copying apache_beam/transforms/display_test.py -> apache-beam-0.6.0.dev0/apache_beam/transforms
copying apache_beam/transforms/ptransform.py -> apache-beam-0.6.0.dev0/apache_beam/transforms
copying apache_beam/transforms/ptransform_test.py -> apache-beam-0.6.0.dev0/apache_beam/transforms
copying apache_beam/transforms/sideinputs.py -> apache-beam-0.6.0.dev0/apache_beam/transforms
copying apache_beam/transforms/sideinputs_test.py -> apache-beam-0.6.0.dev0/apache_beam/transforms
copying apache_beam/transforms/timeutil.py -> apache-beam-0.6.0.dev0/apache_beam/transforms
copying apache_beam/transforms/trigger.py -> apache-beam-0.6.0.dev0/apache_beam/transforms
copying apache_beam/transforms/trigger_test.py -> apache-beam-0.6.0.dev0/apache_beam/transforms
copying apache_beam/transforms/util.py -> apache-beam-0.6.0.dev0/apache_beam/transforms
copying apache_beam/transforms/window.py -> apache-beam-0.6.0.dev0/apache_beam/transforms
copying apache_beam/transforms/window_test.py -> apache-beam-0.6.0.dev0/apache_beam/transforms
copying apache_beam/transforms/write_ptransform_test.py -> apache-beam-0.6.0.dev0/apache_beam/transforms
copying apache_beam/typehints/__init__.py -> apache-beam-0.6.0.dev0/apache_beam/typehints
copying apache_beam/typehints/decorators.py -> apache-beam-0.6.0.dev0/apache_beam/typehints
copying apache_beam/typehints/opcodes.py -> apache-beam-0.6.0.dev0/apache_beam/typehints
copying apache_beam/typehints/trivial_inference.py -> apache-beam-0.6.0.dev0/apache_beam/typehints
copying apache_beam/typehints/trivial_inference_test.py -> apache-beam-0.6.0.dev0/apache_beam/typehints
copying apache_beam/typehints/typecheck.py -> apache-beam-0.6.0.dev0/apache_beam/typehints
copying apache_beam/typehints/typed_pipeline_test.py -> apache-beam-0.6.0.dev0/apache_beam/typehints
copying apache_beam/typehints/typehints.py -> apache-beam-0.6.0.dev0/apache_beam/typehints
copying apache_beam/typehints/typehints_test.py -> apache-beam-0.6.0.dev0/apache_beam/typehints
copying apache_beam/utils/__init__.py -> apache-beam-0.6.0.dev0/apache_beam/utils
copying apache_beam/utils/annotations.py -> apache-beam-0.6.0.dev0/apache_beam/utils
copying apache_beam/utils/annotations_test.py -> apache-beam-0.6.0.dev0/apache_beam/utils
copying apache_beam/utils/counters.pxd -> apache-beam-0.6.0.dev0/apache_beam/utils
copying apache_beam/utils/counters.py -> apache-beam-0.6.0.dev0/apache_beam/utils
copying apache_beam/utils/path.py -> apache-beam-0.6.0.dev0/apache_beam/utils
copying apache_beam/utils/path_test.py -> apache-beam-0.6.0.dev0/apache_beam/utils
copying apache_beam/utils/pipeline_options.py -> apache-beam-0.6.0.dev0/apache_beam/utils
copying apache_beam/utils/pipeline_options_test.py -> apache-beam-0.6.0.dev0/apache_beam/utils
copying apache_beam/utils/pipeline_options_validator.py -> apache-beam-0.6.0.dev0/apache_beam/utils
copying apache_beam/utils/pipeline_options_validator_test.py -> apache-beam-0.6.0.dev0/apache_beam/utils
copying apache_beam/utils/processes.py -> apache-beam-0.6.0.dev0/apache_beam/utils
copying apache_beam/utils/processes_test.py -> apache-beam-0.6.0.dev0/apache_beam/utils
copying apache_beam/utils/profiler.py -> apache-beam-0.6.0.dev0/apache_beam/utils
copying apache_beam/utils/retry.py -> apache-beam-0.6.0.dev0/apache_beam/utils
copying apache_beam/utils/retry_test.py -> apache-beam-0.6.0.dev0/apache_beam/utils
copying apache_beam/utils/timestamp.py -> apache-beam-0.6.0.dev0/apache_beam/utils
copying apache_beam/utils/timestamp_test.py -> apache-beam-0.6.0.dev0/apache_beam/utils
copying apache_beam/utils/windowed_value.pxd -> apache-beam-0.6.0.dev0/apache_beam/utils
copying apache_beam/utils/windowed_value.py -> apache-beam-0.6.0.dev0/apache_beam/utils
copying apache_beam/utils/windowed_value_test.py -> apache-beam-0.6.0.dev0/apache_beam/utils
Writing apache-beam-0.6.0.dev0/setup.cfg
creating '.tox/dist/apache-beam-0.6.0.dev0.zip' and adding 'apache-beam-0.6.0.dev0' to it
adding 'apache-beam-0.6.0.dev0/MANIFEST.in'
adding 'apache-beam-0.6.0.dev0/PKG-INFO'
adding 'apache-beam-0.6.0.dev0/pom.xml'
adding 'apache-beam-0.6.0.dev0/setup.cfg'
adding 'apache-beam-0.6.0.dev0/setup.py'
adding 'apache-beam-0.6.0.dev0/apache_beam/__init__.py'
adding 'apache-beam-0.6.0.dev0/apache_beam/error.py'
adding 'apache-beam-0.6.0.dev0/apache_beam/pipeline.py'
adding 'apache-beam-0.6.0.dev0/apache_beam/pipeline_test.py'
adding 'apache-beam-0.6.0.dev0/apache_beam/pvalue.py'
adding 'apache-beam-0.6.0.dev0/apache_beam/pvalue_test.py'
adding 'apache-beam-0.6.0.dev0/apache_beam/test_pipeline.py'
adding 'apache-beam-0.6.0.dev0/apache_beam/test_pipeline_test.py'
adding 'apache-beam-0.6.0.dev0/apache_beam/version.py'
adding 'apache-beam-0.6.0.dev0/apache_beam/coders/__init__.py'
adding 'apache-beam-0.6.0.dev0/apache_beam/coders/coder_impl.pxd'
adding 'apache-beam-0.6.0.dev0/apache_beam/coders/coder_impl.py'
adding 'apache-beam-0.6.0.dev0/apache_beam/coders/coders.py'
adding 'apache-beam-0.6.0.dev0/apache_beam/coders/coders_test.py'
adding 'apache-beam-0.6.0.dev0/apache_beam/coders/coders_test_common.py'
adding 'apache-beam-0.6.0.dev0/apache_beam/coders/fast_coders_test.py'
adding 'apache-beam-0.6.0.dev0/apache_beam/coders/observable.py'
adding 'apache-beam-0.6.0.dev0/apache_beam/coders/observable_test.py'
adding 'apache-beam-0.6.0.dev0/apache_beam/coders/proto2_coder_test_messages_pb2.py'
adding 'apache-beam-0.6.0.dev0/apache_beam/coders/slow_coders_test.py'
adding 'apache-beam-0.6.0.dev0/apache_beam/coders/slow_stream.py'
adding 'apache-beam-0.6.0.dev0/apache_beam/coders/standard_coders_test.py'
adding 'apache-beam-0.6.0.dev0/apache_beam/coders/stream.pxd'
adding 'apache-beam-0.6.0.dev0/apache_beam/coders/stream.pyx'
adding 'apache-beam-0.6.0.dev0/apache_beam/coders/stream_test.py'
adding 'apache-beam-0.6.0.dev0/apache_beam/coders/typecoders.py'
adding 'apache-beam-0.6.0.dev0/apache_beam/coders/typecoders_test.py'
adding 'apache-beam-0.6.0.dev0/apache_beam/examples/__init__.py'
adding 'apache-beam-0.6.0.dev0/apache_beam/examples/streaming_wordcap.py'
adding 'apache-beam-0.6.0.dev0/apache_beam/examples/streaming_wordcount.py'
adding 'apache-beam-0.6.0.dev0/apache_beam/examples/wordcount.py'
adding 'apache-beam-0.6.0.dev0/apache_beam/examples/wordcount_debugging.py'
adding 'apache-beam-0.6.0.dev0/apache_beam/examples/wordcount_debugging_test.py'
adding 'apache-beam-0.6.0.dev0/apache_beam/examples/wordcount_it_test.py'
adding 'apache-beam-0.6.0.dev0/apache_beam/examples/wordcount_minimal.py'
adding 'apache-beam-0.6.0.dev0/apache_beam/examples/wordcount_minimal_test.py'
adding 'apache-beam-0.6.0.dev0/apache_beam/examples/wordcount_test.py'
adding 'apache-beam-0.6.0.dev0/apache_beam/examples/complete/__init__.py'
adding 'apache-beam-0.6.0.dev0/apache_beam/examples/complete/autocomplete.py'
adding 'apache-beam-0.6.0.dev0/apache_beam/examples/complete/autocomplete_test.py'
adding 'apache-beam-0.6.0.dev0/apache_beam/examples/complete/estimate_pi.py'
adding 'apache-beam-0.6.0.dev0/apache_beam/examples/complete/estimate_pi_test.py'
adding 'apache-beam-0.6.0.dev0/apache_beam/examples/complete/tfidf.py'
adding 'apache-beam-0.6.0.dev0/apache_beam/examples/complete/tfidf_test.py'
adding 'apache-beam-0.6.0.dev0/apache_beam/examples/complete/top_wikipedia_sessions.py'
adding 'apache-beam-0.6.0.dev0/apache_beam/examples/complete/top_wikipedia_sessions_test.py'
adding 'apache-beam-0.6.0.dev0/apache_beam/examples/complete/juliaset/__init__.py'
adding 'apache-beam-0.6.0.dev0/apache_beam/examples/complete/juliaset/juliaset_main.py'
adding 'apache-beam-0.6.0.dev0/apache_beam/examples/complete/juliaset/setup.py'
adding 'apache-beam-0.6.0.dev0/apache_beam/examples/complete/juliaset/juliaset/__init__.py'
adding 'apache-beam-0.6.0.dev0/apache_beam/examples/complete/juliaset/juliaset/juliaset.py'
adding 'apache-beam-0.6.0.dev0/apache_beam/examples/complete/juliaset/juliaset/juliaset_test.py'
adding 'apache-beam-0.6.0.dev0/apache_beam/examples/cookbook/__init__.py'
adding 'apache-beam-0.6.0.dev0/apache_beam/examples/cookbook/bigquery_schema.py'
adding 'apache-beam-0.6.0.dev0/apache_beam/examples/cookbook/bigquery_side_input.py'
adding 'apache-beam-0.6.0.dev0/apache_beam/examples/cookbook/bigquery_side_input_test.py'
adding 'apache-beam-0.6.0.dev0/apache_beam/examples/cookbook/bigquery_tornadoes.py'
adding 'apache-beam-0.6.0.dev0/apache_beam/examples/cookbook/bigquery_tornadoes_it_test.py'
adding 'apache-beam-0.6.0.dev0/apache_beam/examples/cookbook/bigquery_tornadoes_test.py'
adding 'apache-beam-0.6.0.dev0/apache_beam/examples/cookbook/bigshuffle.py'
adding 'apache-beam-0.6.0.dev0/apache_beam/examples/cookbook/bigshuffle_test.py'
adding 'apache-beam-0.6.0.dev0/apache_beam/examples/cookbook/coders.py'
adding 'apache-beam-0.6.0.dev0/apache_beam/examples/cookbook/coders_test.py'
adding 'apache-beam-0.6.0.dev0/apache_beam/examples/cookbook/combiners_test.py'
adding 'apache-beam-0.6.0.dev0/apache_beam/examples/cookbook/custom_ptransform.py'
adding 'apache-beam-0.6.0.dev0/apache_beam/examples/cookbook/custom_ptransform_test.py'
adding 'apache-beam-0.6.0.dev0/apache_beam/examples/cookbook/datastore_wordcount.py'
adding 'apache-beam-0.6.0.dev0/apache_beam/examples/cookbook/filters.py'
adding 'apache-beam-0.6.0.dev0/apache_beam/examples/cookbook/filters_test.py'
adding 'apache-beam-0.6.0.dev0/apache_beam/examples/cookbook/group_with_coder.py'
adding 'apache-beam-0.6.0.dev0/apache_beam/examples/cookbook/group_with_coder_test.py'
adding 'apache-beam-0.6.0.dev0/apache_beam/examples/cookbook/mergecontacts.py'
adding 'apache-beam-0.6.0.dev0/apache_beam/examples/cookbook/mergecontacts_test.py'
adding 'apache-beam-0.6.0.dev0/apache_beam/examples/cookbook/multiple_output_pardo.py'
adding 'apache-beam-0.6.0.dev0/apache_beam/examples/cookbook/multiple_output_pardo_test.py'
adding 'apache-beam-0.6.0.dev0/apache_beam/examples/snippets/__init__.py'
adding 'apache-beam-0.6.0.dev0/apache_beam/examples/snippets/snippets.py'
adding 'apache-beam-0.6.0.dev0/apache_beam/examples/snippets/snippets_test.py'
adding 'apache-beam-0.6.0.dev0/apache_beam/internal/__init__.py'
adding 'apache-beam-0.6.0.dev0/apache_beam/internal/module_test.py'
adding 'apache-beam-0.6.0.dev0/apache_beam/internal/pickler.py'
adding 'apache-beam-0.6.0.dev0/apache_beam/internal/pickler_test.py'
adding 'apache-beam-0.6.0.dev0/apache_beam/internal/util.py'
adding 'apache-beam-0.6.0.dev0/apache_beam/internal/util_test.py'
adding 'apache-beam-0.6.0.dev0/apache_beam/internal/gcp/__init__.py'
adding 'apache-beam-0.6.0.dev0/apache_beam/internal/gcp/auth.py'
adding 'apache-beam-0.6.0.dev0/apache_beam/internal/gcp/auth_test.py'
adding 'apache-beam-0.6.0.dev0/apache_beam/internal/gcp/json_value.py'
adding 'apache-beam-0.6.0.dev0/apache_beam/internal/gcp/json_value_test.py'
adding 'apache-beam-0.6.0.dev0/apache_beam/io/__init__.py'
adding 'apache-beam-0.6.0.dev0/apache_beam/io/avroio.py'
adding 'apache-beam-0.6.0.dev0/apache_beam/io/avroio_test.py'
adding 'apache-beam-0.6.0.dev0/apache_beam/io/concat_source.py'
adding 'apache-beam-0.6.0.dev0/apache_beam/io/concat_source_test.py'
adding 'apache-beam-0.6.0.dev0/apache_beam/io/filebasedsource.py'
adding 'apache-beam-0.6.0.dev0/apache_beam/io/filebasedsource_test.py'
adding 'apache-beam-0.6.0.dev0/apache_beam/io/fileio.py'
adding 'apache-beam-0.6.0.dev0/apache_beam/io/fileio_test.py'
adding 'apache-beam-0.6.0.dev0/apache_beam/io/iobase.py'
adding 'apache-beam-0.6.0.dev0/apache_beam/io/range_trackers.py'
adding 'apache-beam-0.6.0.dev0/apache_beam/io/range_trackers_test.py'
adding 'apache-beam-0.6.0.dev0/apache_beam/io/source_test_utils.py'
adding 'apache-beam-0.6.0.dev0/apache_beam/io/source_test_utils_test.py'
adding 'apache-beam-0.6.0.dev0/apache_beam/io/sources_test.py'
adding 'apache-beam-0.6.0.dev0/apache_beam/io/textio.py'
adding 'apache-beam-0.6.0.dev0/apache_beam/io/textio_test.py'
adding 'apache-beam-0.6.0.dev0/apache_beam/io/tfrecordio.py'
adding 'apache-beam-0.6.0.dev0/apache_beam/io/tfrecordio_test.py'
adding 'apache-beam-0.6.0.dev0/apache_beam/io/gcp/__init__.py'
adding 'apache-beam-0.6.0.dev0/apache_beam/io/gcp/bigquery.py'
adding 'apache-beam-0.6.0.dev0/apache_beam/io/gcp/bigquery_test.py'
adding 'apache-beam-0.6.0.dev0/apache_beam/io/gcp/gcsio.py'
adding 'apache-beam-0.6.0.dev0/apache_beam/io/gcp/gcsio_test.py'
adding 'apache-beam-0.6.0.dev0/apache_beam/io/gcp/pubsub.py'
adding 'apache-beam-0.6.0.dev0/apache_beam/io/gcp/pubsub_test.py'
adding 'apache-beam-0.6.0.dev0/apache_beam/io/gcp/datastore/__init__.py'
adding 'apache-beam-0.6.0.dev0/apache_beam/io/gcp/datastore/v1/__init__.py'
adding 'apache-beam-0.6.0.dev0/apache_beam/io/gcp/datastore/v1/datastoreio.py'
adding 'apache-beam-0.6.0.dev0/apache_beam/io/gcp/datastore/v1/datastoreio_test.py'
adding 'apache-beam-0.6.0.dev0/apache_beam/io/gcp/datastore/v1/fake_datastore.py'
adding 'apache-beam-0.6.0.dev0/apache_beam/io/gcp/datastore/v1/helper.py'
adding 'apache-beam-0.6.0.dev0/apache_beam/io/gcp/datastore/v1/helper_test.py'
adding 'apache-beam-0.6.0.dev0/apache_beam/io/gcp/datastore/v1/query_splitter.py'
adding 'apache-beam-0.6.0.dev0/apache_beam/io/gcp/datastore/v1/query_splitter_test.py'
adding 'apache-beam-0.6.0.dev0/apache_beam/io/gcp/internal/__init__.py'
adding 'apache-beam-0.6.0.dev0/apache_beam/io/gcp/internal/clients/__init__.py'
adding 'apache-beam-0.6.0.dev0/apache_beam/io/gcp/internal/clients/bigquery/__init__.py'
adding 'apache-beam-0.6.0.dev0/apache_beam/io/gcp/internal/clients/bigquery/bigquery_v2_client.py'
adding 'apache-beam-0.6.0.dev0/apache_beam/io/gcp/internal/clients/bigquery/bigquery_v2_messages.py'
adding 'apache-beam-0.6.0.dev0/apache_beam/io/gcp/internal/clients/storage/__init__.py'
adding 'apache-beam-0.6.0.dev0/apache_beam/io/gcp/internal/clients/storage/storage_v1_client.py'
adding 'apache-beam-0.6.0.dev0/apache_beam/io/gcp/internal/clients/storage/storage_v1_messages.py'
adding 'apache-beam-0.6.0.dev0/apache_beam/io/gcp/tests/__init__.py'
adding 'apache-beam-0.6.0.dev0/apache_beam/io/gcp/tests/bigquery_matcher.py'
adding 'apache-beam-0.6.0.dev0/apache_beam/io/gcp/tests/bigquery_matcher_test.py'
adding 'apache-beam-0.6.0.dev0/apache_beam/metrics/__init__.py'
adding 'apache-beam-0.6.0.dev0/apache_beam/metrics/cells.py'
adding 'apache-beam-0.6.0.dev0/apache_beam/metrics/cells_test.py'
adding 'apache-beam-0.6.0.dev0/apache_beam/metrics/execution.pxd'
adding 'apache-beam-0.6.0.dev0/apache_beam/metrics/execution.py'
adding 'apache-beam-0.6.0.dev0/apache_beam/metrics/execution_test.py'
adding 'apache-beam-0.6.0.dev0/apache_beam/metrics/metric.py'
adding 'apache-beam-0.6.0.dev0/apache_beam/metrics/metric_test.py'
adding 'apache-beam-0.6.0.dev0/apache_beam/metrics/metricbase.py'
adding 'apache-beam-0.6.0.dev0/apache_beam/runners/__init__.py'
adding 'apache-beam-0.6.0.dev0/apache_beam/runners/common.pxd'
adding 'apache-beam-0.6.0.dev0/apache_beam/runners/common.py'
adding 'apache-beam-0.6.0.dev0/apache_beam/runners/runner.py'
adding 'apache-beam-0.6.0.dev0/apache_beam/runners/runner_test.py'
adding 'apache-beam-0.6.0.dev0/apache_beam/runners/dataflow/__init__.py'
adding 'apache-beam-0.6.0.dev0/apache_beam/runners/dataflow/dataflow_metrics.py'
adding 'apache-beam-0.6.0.dev0/apache_beam/runners/dataflow/dataflow_metrics_test.py'
adding 'apache-beam-0.6.0.dev0/apache_beam/runners/dataflow/dataflow_runner.py'
adding 'apache-beam-0.6.0.dev0/apache_beam/runners/dataflow/dataflow_runner_test.py'
adding 'apache-beam-0.6.0.dev0/apache_beam/runners/dataflow/template_runner_test.py'
adding 'apache-beam-0.6.0.dev0/apache_beam/runners/dataflow/test_dataflow_runner.py'
adding 'apache-beam-0.6.0.dev0/apache_beam/runners/dataflow/internal/__init__.py'
adding 'apache-beam-0.6.0.dev0/apache_beam/runners/dataflow/internal/apiclient.py'
adding 'apache-beam-0.6.0.dev0/apache_beam/runners/dataflow/internal/apiclient_test.py'
adding 'apache-beam-0.6.0.dev0/apache_beam/runners/dataflow/internal/dependency.py'
adding 'apache-beam-0.6.0.dev0/apache_beam/runners/dataflow/internal/dependency_test.py'
adding 'apache-beam-0.6.0.dev0/apache_beam/runners/dataflow/internal/names.py'
adding 'apache-beam-0.6.0.dev0/apache_beam/runners/dataflow/internal/clients/__init__.py'
adding 'apache-beam-0.6.0.dev0/apache_beam/runners/dataflow/internal/clients/dataflow/__init__.py'
adding 'apache-beam-0.6.0.dev0/apache_beam/runners/dataflow/internal/clients/dataflow/dataflow_v1b3_client.py'
adding 'apache-beam-0.6.0.dev0/apache_beam/runners/dataflow/internal/clients/dataflow/dataflow_v1b3_messages.py'
adding 'apache-beam-0.6.0.dev0/apache_beam/runners/dataflow/internal/clients/dataflow/message_matchers.py'
adding 'apache-beam-0.6.0.dev0/apache_beam/runners/dataflow/internal/clients/dataflow/message_matchers_test.py'
adding 'apache-beam-0.6.0.dev0/apache_beam/runners/dataflow/native_io/__init__.py'
adding 'apache-beam-0.6.0.dev0/apache_beam/runners/dataflow/native_io/iobase.py'
adding 'apache-beam-0.6.0.dev0/apache_beam/runners/direct/__init__.py'
adding 'apache-beam-0.6.0.dev0/apache_beam/runners/direct/bundle_factory.py'
adding 'apache-beam-0.6.0.dev0/apache_beam/runners/direct/clock.py'
adding 'apache-beam-0.6.0.dev0/apache_beam/runners/direct/consumer_tracking_pipeline_visitor.py'
adding 'apache-beam-0.6.0.dev0/apache_beam/runners/direct/consumer_tracking_pipeline_visitor_test.py'
adding 'apache-beam-0.6.0.dev0/apache_beam/runners/direct/direct_metrics.py'
adding 'apache-beam-0.6.0.dev0/apache_beam/runners/direct/direct_metrics_test.py'
adding 'apache-beam-0.6.0.dev0/apache_beam/runners/direct/direct_runner.py'
adding 'apache-beam-0.6.0.dev0/apache_beam/runners/direct/evaluation_context.py'
adding 'apache-beam-0.6.0.dev0/apache_beam/runners/direct/executor.py'
adding 'apache-beam-0.6.0.dev0/apache_beam/runners/direct/helper_transforms.py'
adding 'apache-beam-0.6.0.dev0/apache_beam/runners/direct/transform_evaluator.py'
adding 'apache-beam-0.6.0.dev0/apache_beam/runners/direct/transform_result.py'
adding 'apache-beam-0.6.0.dev0/apache_beam/runners/direct/watermark_manager.py'
adding 'apache-beam-0.6.0.dev0/apache_beam/runners/test/__init__.py'
adding 'apache-beam-0.6.0.dev0/apache_beam/tests/__init__.py'
adding 'apache-beam-0.6.0.dev0/apache_beam/tests/pipeline_verifiers.py'
adding 'apache-beam-0.6.0.dev0/apache_beam/tests/pipeline_verifiers_test.py'
adding 'apache-beam-0.6.0.dev0/apache_beam/tests/test_utils.py'
adding 'apache-beam-0.6.0.dev0/apache_beam/tests/data/privatekey.p12'
adding 'apache-beam-0.6.0.dev0/apache_beam/tests/data/README.md'
adding 'apache-beam-0.6.0.dev0/apache_beam/tests/data/standard_coders.yaml'
adding 'apache-beam-0.6.0.dev0/apache_beam/transforms/__init__.py'
adding 'apache-beam-0.6.0.dev0/apache_beam/transforms/combiners.py'
adding 'apache-beam-0.6.0.dev0/apache_beam/transforms/combiners_test.py'
adding 'apache-beam-0.6.0.dev0/apache_beam/transforms/core.py'
adding 'apache-beam-0.6.0.dev0/apache_beam/transforms/cy_combiners.pxd'
adding 'apache-beam-0.6.0.dev0/apache_beam/transforms/cy_combiners.py'
adding 'apache-beam-0.6.0.dev0/apache_beam/transforms/display.py'
adding 'apache-beam-0.6.0.dev0/apache_beam/transforms/display_test.py'
adding 'apache-beam-0.6.0.dev0/apache_beam/transforms/ptransform.py'
adding 'apache-beam-0.6.0.dev0/apache_beam/transforms/ptransform_test.py'
adding 'apache-beam-0.6.0.dev0/apache_beam/transforms/sideinputs.py'
adding 'apache-beam-0.6.0.dev0/apache_beam/transforms/sideinputs_test.py'
adding 'apache-beam-0.6.0.dev0/apache_beam/transforms/timeutil.py'
adding 'apache-beam-0.6.0.dev0/apache_beam/transforms/trigger.py'
adding 'apache-beam-0.6.0.dev0/apache_beam/transforms/trigger_test.py'
adding 'apache-beam-0.6.0.dev0/apache_beam/transforms/util.py'
adding 'apache-beam-0.6.0.dev0/apache_beam/transforms/window.py'
adding 'apache-beam-0.6.0.dev0/apache_beam/transforms/window_test.py'
adding 'apache-beam-0.6.0.dev0/apache_beam/transforms/write_ptransform_test.py'
adding 'apache-beam-0.6.0.dev0/apache_beam/typehints/__init__.py'
adding 'apache-beam-0.6.0.dev0/apache_beam/typehints/decorators.py'
adding 'apache-beam-0.6.0.dev0/apache_beam/typehints/opcodes.py'
adding 'apache-beam-0.6.0.dev0/apache_beam/typehints/trivial_inference.py'
adding 'apache-beam-0.6.0.dev0/apache_beam/typehints/trivial_inference_test.py'
adding 'apache-beam-0.6.0.dev0/apache_beam/typehints/typecheck.py'
adding 'apache-beam-0.6.0.dev0/apache_beam/typehints/typed_pipeline_test.py'
adding 'apache-beam-0.6.0.dev0/apache_beam/typehints/typehints.py'
adding 'apache-beam-0.6.0.dev0/apache_beam/typehints/typehints_test.py'
adding 'apache-beam-0.6.0.dev0/apache_beam/utils/__init__.py'
adding 'apache-beam-0.6.0.dev0/apache_beam/utils/annotations.py'
adding 'apache-beam-0.6.0.dev0/apache_beam/utils/annotations_test.py'
adding 'apache-beam-0.6.0.dev0/apache_beam/utils/counters.pxd'
adding 'apache-beam-0.6.0.dev0/apache_beam/utils/counters.py'
adding 'apache-beam-0.6.0.dev0/apache_beam/utils/path.py'
adding 'apache-beam-0.6.0.dev0/apache_beam/utils/path_test.py'
adding 'apache-beam-0.6.0.dev0/apache_beam/utils/pipeline_options.py'
adding 'apache-beam-0.6.0.dev0/apache_beam/utils/pipeline_options_test.py'
adding 'apache-beam-0.6.0.dev0/apache_beam/utils/pipeline_options_validator.py'
adding 'apache-beam-0.6.0.dev0/apache_beam/utils/pipeline_options_validator_test.py'
adding 'apache-beam-0.6.0.dev0/apache_beam/utils/processes.py'
adding 'apache-beam-0.6.0.dev0/apache_beam/utils/processes_test.py'
adding 'apache-beam-0.6.0.dev0/apache_beam/utils/profiler.py'
adding 'apache-beam-0.6.0.dev0/apache_beam/utils/retry.py'
adding 'apache-beam-0.6.0.dev0/apache_beam/utils/retry_test.py'
adding 'apache-beam-0.6.0.dev0/apache_beam/utils/timestamp.py'
adding 'apache-beam-0.6.0.dev0/apache_beam/utils/timestamp_test.py'
adding 'apache-beam-0.6.0.dev0/apache_beam/utils/windowed_value.pxd'
adding 'apache-beam-0.6.0.dev0/apache_beam/utils/windowed_value.py'
adding 'apache-beam-0.6.0.dev0/apache_beam/utils/windowed_value_test.py'
adding 'apache-beam-0.6.0.dev0/apache_beam.egg-info/dependency_links.txt'
adding 'apache-beam-0.6.0.dev0/apache_beam.egg-info/entry_points.txt'
adding 'apache-beam-0.6.0.dev0/apache_beam.egg-info/not-zip-safe'
adding 'apache-beam-0.6.0.dev0/apache_beam.egg-info/PKG-INFO'
adding 'apache-beam-0.6.0.dev0/apache_beam.egg-info/requires.txt'
adding 'apache-beam-0.6.0.dev0/apache_beam.egg-info/SOURCES.txt'
adding 'apache-beam-0.6.0.dev0/apache_beam.egg-info/top_level.txt'
removing 'apache-beam-0.6.0.dev0' (and everything under it)
