actionid: lint
msg: getenv
cmdargs: ['/Users/shakamunyi/Development/facebook/apache-beam/sdks/python/.tox/lint/bin/pip', 'install', 'nose', 'pep8', 'pylint']
env: {'GOPATH': '/Users/shakamunyi/.go', 'rvm_version': '1.27.0 (latest)', 'NODE_REPL_MODE': 'sloppy', 'rvm_path': '/Users/shakamunyi/.rvm', 'TERM_PROGRAM_VERSION': '361.1', 'RUBY_VERSION': 'ruby-2.3.0', 'LOGNAME': 'shakamunyi', 'USER': 'shakamunyi', 'HOME': '/Users/shakamunyi', 'PATH': '/Users/shakamunyi/Development/facebook/apache-beam/sdks/python/.tox/lint/bin:/Users/shakamunyi/Development/google/google-cloud-sdk/bin:/Users/shakamunyi/anaconda2/bin:/usr/local/share/npm/bin:/Users/shakamunyi/.rvm/gems/ruby-2.3.0/bin:/Users/shakamunyi/.rvm/gems/ruby-2.3.0@global/bin:/Users/shakamunyi/.rvm/rubies/ruby-2.3.0/bin:/usr/local/bin:/usr/bin:/bin:/usr/sbin:/sbin:/opt/X11/bin:/Users/shakamunyi/.rvm/bin:/Users/shakamunyi/.go/bin', 'HISTSIZE': '32768', 'DISPLAY': '/private/tmp/com.apple.launchd.Tjch0Z7CHL/org.macosforge.xquartz:0', 'TERM_PROGRAM': 'Apple_Terminal', 'LANG': 'en_US.UTF-8', '__CF_USER_TEXT_ENCODING': '0x1F5:0x0:0x0', 'TERM': 'xterm-256color', 'SHELL': '/bin/bash', 'NODE_REPL_HISTORY': '/Users/shakamunyi/.node_history', 'SHLVL': '1', 'LESS_TERMCAP_md': '\x1b[38;5;136m', 'PWD': '/Users/shakamunyi/Development/facebook/apache-beam', 'XPC_FLAGS': '0x0', 'PYTHONIOENCODING': 'UTF-8', 'VIRTUAL_ENV': '/Users/shakamunyi/Development/facebook/apache-beam/sdks/python/.tox/lint', 'PYTHONHASHSEED': '254343853', 'EDITOR': 'vim', '_system_arch': 'x86_64', 'HISTFILESIZE': '32768', 'PYTHONUSERBASE': '/Users/shakamunyi/Development/facebook/apache-beam/sdks/python/target/python', 'rvm_bin_path': '/Users/shakamunyi/.rvm/bin', 'TERM_SESSION_ID': '4DB1EF62-E6F1-48E6-A887-E2B8BA37CD01', 'XPC_SERVICE_NAME': '0', 'rvm_prefix': '/Users/shakamunyi', 'SSH_AUTH_SOCK': '/private/tmp/com.apple.launchd.UVBBVaEFOI/Listeners', 'IRBRC': '/Users/shakamunyi/.rvm/rubies/ruby-2.3.0/.irbrc', 'NODE_REPL_HISTORY_SIZE': '32768', 'MY_RUBY_HOME': '/Users/shakamunyi/.rvm/rubies/ruby-2.3.0', 'Apple_PubSub_Socket_Render': '/private/tmp/com.apple.launchd.Hl0F5EUQIJ/Render', 'MANPAGER': 'less -X', 'LC_ALL': 'en_US.UTF-8', '_system_type': 'Darwin', 'JAVA_MAIN_CLASS_49833': 'org.codehaus.plexus.classworlds.launcher.Launcher', 'TMPDIR': '/var/folders/wj/259gz6l965b0dscsvnlwf7g00000gn/T/', 'JAVA_HOME': '/Library/Java/JavaVirtualMachines/jdk1.8.0_112.jdk/Contents/Home', 'MAVEN_CMD_LINE_ARGS': ' clean install', 'MAVEN_PROJECTBASEDIR': '/Users/shakamunyi/Development/facebook/apache-beam', 'OLDPWD': '/Users/shakamunyi/Development/facebook/apache-beam', 'GEM_PATH': '/Users/shakamunyi/.rvm/gems/ruby-2.3.0:/Users/shakamunyi/.rvm/gems/ruby-2.3.0@global', 'HISTCONTROL': 'ignoreboth', '_system_name': 'OSX', '_system_version': '10.11', 'LS_COLORS': 'no=00:fi=00:di=01;34:ln=01;36:pi=40;33:so=01;35:do=01;35:bd=40;33;01:cd=40;33;01:or=40;31;01:ex=01;32:*.tar=01;31:*.tgz=01;31:*.arj=01;31:*.taz=01;31:*.lzh=01;31:*.zip=01;31:*.z=01;31:*.Z=01;31:*.gz=01;31:*.bz2=01;31:*.deb=01;31:*.rpm=01;31:*.jar=01;31:*.jpg=01;35:*.jpeg=01;35:*.gif=01;35:*.bmp=01;35:*.pbm=01;35:*.pgm=01;35:*.ppm=01;35:*.tga=01;35:*.xbm=01;35:*.xpm=01;35:*.tif=01;35:*.tiff=01;35:*.png=01;35:*.mov=01;35:*.mpg=01;35:*.mpeg=01;35:*.avi=01;35:*.fli=01;35:*.gl=01;35:*.dl=01;35:*.xcf=01;35:*.xwd=01;35:*.ogg=01;35:*.mp3=01;35:*.wav=01;35:', 'GEM_HOME': '/Users/shakamunyi/.rvm/gems/ruby-2.3.0'}

Collecting nose
  Using cached nose-1.3.7-py2-none-any.whl
Collecting pep8
  Downloading pep8-1.7.0-py2.py3-none-any.whl (41kB)
Collecting pylint
  Downloading pylint-1.6.5-py2.py3-none-any.whl (577kB)
Requirement already satisfied: six in ./.tox/lint/lib/python2.7/site-packages (from pylint)
Collecting mccabe (from pylint)
  Downloading mccabe-0.6.1-py2.py3-none-any.whl
Collecting configparser; python_version == "2.7" (from pylint)
  Downloading configparser-3.5.0.tar.gz
Collecting backports.functools-lru-cache; python_version == "2.7" (from pylint)
  Downloading backports.functools_lru_cache-1.3-py2.py3-none-any.whl
Collecting astroid<1.5.0,>=1.4.5 (from pylint)
  Downloading astroid-1.4.9-py2.py3-none-any.whl (213kB)
Collecting isort>=4.2.5 (from pylint)
  Downloading isort-4.2.5-py2.py3-none-any.whl (40kB)
Collecting wrapt (from astroid<1.5.0,>=1.4.5->pylint)
  Downloading wrapt-1.10.8.tar.gz
Collecting lazy-object-proxy (from astroid<1.5.0,>=1.4.5->pylint)
  Downloading lazy-object-proxy-1.2.2.tar.gz
Building wheels for collected packages: configparser, wrapt, lazy-object-proxy
  Running setup.py bdist_wheel for configparser: started
  Running setup.py bdist_wheel for configparser: finished with status 'done'
  Stored in directory: /Users/shakamunyi/Library/Caches/pip/wheels/1c/bd/b4/277af3f6c40645661b4cd1c21df26aca0f2e1e9714a1d4cda8
  Running setup.py bdist_wheel for wrapt: started
  Running setup.py bdist_wheel for wrapt: finished with status 'done'
  Stored in directory: /Users/shakamunyi/Library/Caches/pip/wheels/19/8a/01/20cf74c3f38d49ef8e9b9aa7ffd38cefff79bad9f6f2c651f0
  Running setup.py bdist_wheel for lazy-object-proxy: started
  Running setup.py bdist_wheel for lazy-object-proxy: finished with status 'done'
  Stored in directory: /Users/shakamunyi/Library/Caches/pip/wheels/06/d4/af/71508d0c69292f8c369ba3ae83cd85fabcd6956fd5709633b4
Successfully built configparser wrapt lazy-object-proxy
Installing collected packages: nose, pep8, mccabe, configparser, backports.functools-lru-cache, wrapt, lazy-object-proxy, astroid, isort, pylint
Successfully installed astroid-1.4.9 backports.functools-lru-cache-1.3 configparser-3.5.0 isort-4.2.5 lazy-object-proxy-1.2.2 mccabe-0.6.1 nose-1.3.7 pep8-1.7.0 pylint-1.6.5 wrapt-1.10.8
